<?xml version="1.0" encoding="UTF-8"?>
<!-- Generated by org.testng.reporters.JUnitReportReporter -->
<testsuite skipped="0" hostname="DESKTOP-A9OMFDQ" name="pack1.p1" tests="1" failures="0" timestamp="04 Nov 2019 06:48:01 GMT" time="6.970" errors="0">
  <testcase name="test" time="6.970" classname="pack1.p1"/>
</testsuite> <!-- pack1.p1 -->
